<?xml version="1.0" encoding="UTF-8"?>
<!-- Generated by org.testng.reporters.JUnitXMLReporter -->
<testsuite hostname="PHUSCA-L25403" name="Surefire test" tests="8" failures="0" timestamp="28 Aug 2015 02:45:56 GMT" time="0.026" errors="0">
  <testcase name="aTest" time="0.0060" classname="varontron.test.BasicTest"/>
  <testcase name="aTest" time="0.0" classname="varontron.test.BasicTest"/>
  <testcase name="aTest" time="0.0" classname="varontron.test.BasicTest"/>
  <testcase name="aTest" time="0.0" classname="varontron.test.BasicTest"/>
  <testcase name="bTest" time="0.0" classname="varontron.test.BasicTest"/>
  <testcase name="bTest" time="0.0010" classname="varontron.test.BasicTest"/>
  <testcase name="bTest" time="0.0" classname="varontron.test.BasicTest"/>
  <testcase name="bTest" time="0.0" classname="varontron.test.BasicTest"/>
</testsuite> <!-- Surefire test -->
