<?xml version="1.0" encoding="UTF-8"?>
<testng-results skipped="0" failed="0" total="8" passed="8">
  <reporter-output>
  </reporter-output>
  <suite name="Surefire suite" duration-ms="26" started-at="2015-08-28T02:45:56Z" finished-at="2015-08-28T02:45:56Z">
    <groups>
    </groups>
    <test name="Surefire test" duration-ms="26" started-at="2015-08-28T02:45:56Z" finished-at="2015-08-28T02:45:56Z">
      <class name="varontron.test.BasicTest">
        <test-method status="PASS" signature="aTest(java.lang.String)[pri:0, instance:varontron.test.BasicTest@16bd4dc2]" name="aTest" duration-ms="6" started-at="2015-08-27T22:45:56Z" data-provider="BasicProvider" finished-at="2015-08-27T22:45:56Z">
          <params>
            <param index="0">
              <value>
                <![CDATA[xform_aTestS1]]>
              </value>
            </param>
          </params>
          <reporter-output>
          </reporter-output>
        </test-method> <!-- aTest -->
        <test-method status="PASS" signature="aTest(java.lang.String)[pri:0, instance:varontron.test.BasicTest@16bd4dc2]" name="aTest" duration-ms="0" started-at="2015-08-27T22:45:56Z" data-provider="BasicProvider" finished-at="2015-08-27T22:45:56Z">
          <params>
            <param index="0">
              <value>
                <![CDATA[xform_aTestS2]]>
              </value>
            </param>
          </params>
          <reporter-output>
          </reporter-output>
        </test-method> <!-- aTest -->
        <test-method status="PASS" signature="aTest(java.lang.String)[pri:0, instance:varontron.test.BasicTest@16bd4dc2]" name="aTest" duration-ms="0" started-at="2015-08-27T22:45:56Z" data-provider="BasicProvider" finished-at="2015-08-27T22:45:56Z">
          <params>
            <param index="0">
              <value>
                <![CDATA[xform_aTestS3]]>
              </value>
            </param>
          </params>
          <reporter-output>
          </reporter-output>
        </test-method> <!-- aTest -->
        <test-method status="PASS" signature="aTest(java.lang.String)[pri:0, instance:varontron.test.BasicTest@16bd4dc2]" name="aTest" duration-ms="0" started-at="2015-08-27T22:45:56Z" data-provider="BasicProvider" finished-at="2015-08-27T22:45:56Z">
          <params>
            <param index="0">
              <value>
                <![CDATA[xform_aTestS4]]>
              </value>
            </param>
          </params>
          <reporter-output>
          </reporter-output>
        </test-method> <!-- aTest -->
        <test-method status="PASS" signature="bTest(java.lang.String)[pri:0, instance:varontron.test.BasicTest@16bd4dc2]" name="bTest" duration-ms="0" started-at="2015-08-27T22:45:56Z" data-provider="BasicProvider" finished-at="2015-08-27T22:45:56Z">
          <params>
            <param index="0">
              <value>
                <![CDATA[xform_bTestS1]]>
              </value>
            </param>
          </params>
          <reporter-output>
          </reporter-output>
        </test-method> <!-- bTest -->
        <test-method status="PASS" signature="bTest(java.lang.String)[pri:0, instance:varontron.test.BasicTest@16bd4dc2]" name="bTest" duration-ms="1" started-at="2015-08-27T22:45:56Z" data-provider="BasicProvider" finished-at="2015-08-27T22:45:56Z">
          <params>
            <param index="0">
              <value>
                <![CDATA[xform_bTestS2]]>
              </value>
            </param>
          </params>
          <reporter-output>
          </reporter-output>
        </test-method> <!-- bTest -->
        <test-method status="PASS" signature="bTest(java.lang.String)[pri:0, instance:varontron.test.BasicTest@16bd4dc2]" name="bTest" duration-ms="0" started-at="2015-08-27T22:45:56Z" data-provider="BasicProvider" finished-at="2015-08-27T22:45:56Z">
          <params>
            <param index="0">
              <value>
                <![CDATA[xform_bTestS3]]>
              </value>
            </param>
          </params>
          <reporter-output>
          </reporter-output>
        </test-method> <!-- bTest -->
        <test-method status="PASS" signature="bTest(java.lang.String)[pri:0, instance:varontron.test.BasicTest@16bd4dc2]" name="bTest" duration-ms="0" started-at="2015-08-27T22:45:56Z" data-provider="BasicProvider" finished-at="2015-08-27T22:45:56Z">
          <params>
            <param index="0">
              <value>
                <![CDATA[xform_bTestS4]]>
              </value>
            </param>
          </params>
          <reporter-output>
          </reporter-output>
        </test-method> <!-- bTest -->
      </class> <!-- varontron.test.BasicTest -->
    </test> <!-- Surefire test -->
  </suite> <!-- Surefire suite -->
</testng-results>
