<?xml version="1.0" encoding="UTF-8"?>
<testsuite name="varontron.test.BasicTest" time="0.004" tests="8" errors="0" skipped="0" failures="0">
  <properties>
[...]
</properties>
  <testcase name="aTest" classname="varontron.test.BasicTest" time="0.004"/>
  <testcase name="aTest" classname="varontron.test.BasicTest" time="0"/>
  <testcase name="aTest" classname="varontron.test.BasicTest" time="0.001"/>
  <testcase name="aTest" classname="varontron.test.BasicTest" time="0"/>
  <testcase name="bTest" classname="varontron.test.BasicTest" time="0"/>
  <testcase name="bTest" classname="varontron.test.BasicTest" time="0.001"/>
  <testcase name="bTest" classname="varontron.test.BasicTest" time="0"/>
  <testcase name="bTest" classname="varontron.test.BasicTest" time="0"/>
</testsuite>